<?xml version="1.0" encoding="UTF-8"?>
<coverage generated="1534752716434" clover="3.2.0">
  <project timestamp="1534752716434" name="All files">
    <metrics statements="31" coveredstatements="31" conditionals="16" coveredconditionals="16" methods="10" coveredmethods="10" elements="57" coveredelements="57" complexity="0" loc="31" ncloc="31" packages="1" files="2" classes="2">
      <file name="converter.js" path="/home/noct/metricas-desafio/src/helper/converter.js">
        <metrics statements="18" coveredstatements="18" conditionals="10" coveredconditionals="10" methods="6" coveredmethods="6"/>
        <line num="11" count="4" type="stmt"/>
        <line num="64" count="4" type="stmt"/>
        <line num="65" count="23" type="stmt"/>
        <line num="66" count="23" type="stmt"/>
        <line num="69" count="23" type="cond" truecount="2" falsecount="0"/>
        <line num="70" count="4" type="stmt"/>
        <line num="74" count="19" type="stmt"/>
        <line num="76" count="19" type="cond" truecount="4" falsecount="0"/>
        <line num="77" count="1" type="stmt"/>
        <line num="81" count="18" type="stmt"/>
        <line num="82" count="47" type="cond" truecount="4" falsecount="0"/>
        <line num="83" count="22" type="stmt"/>
        <line num="89" count="25" type="stmt"/>
        <line num="91" count="18" type="stmt"/>
        <line num="94" count="12" type="stmt"/>
        <line num="95" count="4" type="stmt"/>
        <line num="96" count="7" type="stmt"/>
        <line num="97" count="4" type="stmt"/>
      </file>
      <file name="utils.js" path="/home/noct/metricas-desafio/src/helper/utils.js">
        <metrics statements="13" coveredstatements="13" conditionals="6" coveredconditionals="6" methods="4" coveredmethods="4"/>
        <line num="3" count="4" type="cond" truecount="1" falsecount="0"/>
        <line num="4" count="16" type="stmt"/>
        <line num="5" count="16" type="cond" truecount="2" falsecount="0"/>
        <line num="7" count="14" type="stmt"/>
        <line num="10" count="2" type="stmt"/>
        <line num="13" count="4" type="cond" truecount="1" falsecount="0"/>
        <line num="14" count="6" type="stmt"/>
        <line num="16" count="6" type="cond" truecount="2" falsecount="0"/>
        <line num="18" count="5" type="stmt"/>
        <line num="21" count="1" type="stmt"/>
        <line num="24" count="41" type="stmt"/>
        <line num="25" count="6" type="stmt"/>
        <line num="26" count="4" type="stmt"/>
      </file>
    </metrics>
  </project>
</coverage>
