{"/home/noct/cleber-da-silva/src/helper/converter.js": {"path":"/home/noct/cleber-da-silva/src/helper/converter.js","statementMap":{"0":{"start":{"line":11,"column":16},"end":{"line":62,"column":1}},"1":{"start":{"line":64,"column":18},"end":{"line":92,"column":1}},"2":{"start":{"line":65,"column":15},"end":{"line":65,"column":54}},"3":{"start":{"line":66,"column":14},"end":{"line":66,"column":27}},"4":{"start":{"line":69,"column":1},"end":{"line":71,"column":2}},"5":{"start":{"line":70,"column":2},"end":{"line":70,"column":22}},"6":{"start":{"line":74,"column":13},"end":{"line":74,"column":54}},"7":{"start":{"line":76,"column":1},"end":{"line":78,"column":2}},"8":{"start":{"line":77,"column":2},"end":{"line":77,"column":42}},"9":{"start":{"line":81,"column":17},"end":{"line":90,"column":47}},"10":{"start":{"line":82,"column":2},"end":{"line":88,"column":3}},"11":{"start":{"line":83,"column":3},"end":{"line":87,"column":4}},"12":{"start":{"line":89,"column":2},"end":{"line":89,"column":16}},"13":{"start":{"line":91,"column":1},"end":{"line":91,"column":41}},"14":{"start":{"line":94,"column":22},"end":{"line":94,"column":55}},"15":{"start":{"line":94,"column":31},"end":{"line":94,"column":55}},"16":{"start":{"line":95,"column":23},"end":{"line":95,"column":57}},"17":{"start":{"line":95,"column":32},"end":{"line":95,"column":57}},"18":{"start":{"line":96,"column":25},"end":{"line":96,"column":61}},"19":{"start":{"line":96,"column":34},"end":{"line":96,"column":61}},"20":{"start":{"line":97,"column":28},"end":{"line":97,"column":67}},"21":{"start":{"line":97,"column":37},"end":{"line":97,"column":67}}},"fnMap":{"0":{"name":"(anonymous_0)","decl":{"start":{"line":64,"column":18},"end":{"line":64,"column":19}},"loc":{"start":{"line":64,"column":35},"end":{"line":92,"column":1}},"line":64},"1":{"name":"(anonymous_1)","decl":{"start":{"line":81,"column":39},"end":{"line":81,"column":40}},"loc":{"start":{"line":81,"column":65},"end":{"line":90,"column":2}},"line":81},"2":{"name":"(anonymous_2)","decl":{"start":{"line":94,"column":22},"end":{"line":94,"column":23}},"loc":{"start":{"line":94,"column":31},"end":{"line":94,"column":55}},"line":94},"3":{"name":"(anonymous_3)","decl":{"start":{"line":95,"column":23},"end":{"line":95,"column":24}},"loc":{"start":{"line":95,"column":32},"end":{"line":95,"column":57}},"line":95},"4":{"name":"(anonymous_4)","decl":{"start":{"line":96,"column":25},"end":{"line":96,"column":26}},"loc":{"start":{"line":96,"column":34},"end":{"line":96,"column":61}},"line":96},"5":{"name":"(anonymous_5)","decl":{"start":{"line":97,"column":28},"end":{"line":97,"column":29}},"loc":{"start":{"line":97,"column":37},"end":{"line":97,"column":67}},"line":97}},"branchMap":{"0":{"loc":{"start":{"line":69,"column":1},"end":{"line":71,"column":2}},"type":"if","locations":[{"start":{"line":69,"column":1},"end":{"line":71,"column":2}},{"start":{"line":69,"column":1},"end":{"line":71,"column":2}}],"line":69},"1":{"loc":{"start":{"line":76,"column":1},"end":{"line":78,"column":2}},"type":"if","locations":[{"start":{"line":76,"column":1},"end":{"line":78,"column":2}},{"start":{"line":76,"column":1},"end":{"line":78,"column":2}}],"line":76},"2":{"loc":{"start":{"line":76,"column":5},"end":{"line":76,"column":36}},"type":"binary-expr","locations":[{"start":{"line":76,"column":5},"end":{"line":76,"column":25}},{"start":{"line":76,"column":29},"end":{"line":76,"column":36}}],"line":76},"3":{"loc":{"start":{"line":82,"column":2},"end":{"line":88,"column":3}},"type":"if","locations":[{"start":{"line":82,"column":2},"end":{"line":88,"column":3}},{"start":{"line":82,"column":2},"end":{"line":88,"column":3}}],"line":82},"4":{"loc":{"start":{"line":82,"column":6},"end":{"line":82,"column":71}},"type":"binary-expr","locations":[{"start":{"line":82,"column":6},"end":{"line":82,"column":45}},{"start":{"line":82,"column":49},"end":{"line":82,"column":71}}],"line":82}},"s":{"0":4,"1":4,"2":23,"3":23,"4":23,"5":4,"6":19,"7":19,"8":1,"9":18,"10":47,"11":22,"12":25,"13":18,"14":4,"15":12,"16":4,"17":3,"18":4,"19":7,"20":4,"21":1},"f":{"0":23,"1":47,"2":12,"3":3,"4":7,"5":1},"b":{"0":[4,19],"1":[1,18],"2":[19,13],"3":[22,25],"4":[47,28]},"_coverageSchema":"332fd63041d2c1bcb487cc26dd0d5f7d97098a6c","hash":"e809aaae6e35361953f3ca742da7ffc5d98e9bfd"}
,"/home/noct/cleber-da-silva/src/helper/utils.js": {"path":"/home/noct/cleber-da-silva/src/helper/utils.js","statementMap":{"0":{"start":{"line":3,"column":15},"end":{"line":11,"column":1}},"1":{"start":{"line":4,"column":16},"end":{"line":4,"column":30}},"2":{"start":{"line":5,"column":1},"end":{"line":8,"column":2}},"3":{"start":{"line":7,"column":2},"end":{"line":7,"column":15}},"4":{"start":{"line":10,"column":1},"end":{"line":10,"column":25}},"5":{"start":{"line":13,"column":17},"end":{"line":22,"column":1}},"6":{"start":{"line":14,"column":16},"end":{"line":14,"column":44}},"7":{"start":{"line":16,"column":1},"end":{"line":19,"column":2}},"8":{"start":{"line":18,"column":2},"end":{"line":18,"column":26}},"9":{"start":{"line":21,"column":1},"end":{"line":21,"column":25}},"10":{"start":{"line":24,"column":13},"end":{"line":24,"column":31}},"11":{"start":{"line":24,"column":24},"end":{"line":24,"column":30}},"12":{"start":{"line":25,"column":13},"end":{"line":25,"column":31}},"13":{"start":{"line":25,"column":24},"end":{"line":25,"column":30}},"14":{"start":{"line":26,"column":19},"end":{"line":31,"column":1}}},"fnMap":{"0":{"name":"(anonymous_0)","decl":{"start":{"line":3,"column":15},"end":{"line":3,"column":16}},"loc":{"start":{"line":3,"column":41},"end":{"line":11,"column":1}},"line":3},"1":{"name":"(anonymous_1)","decl":{"start":{"line":13,"column":17},"end":{"line":13,"column":18}},"loc":{"start":{"line":13,"column":43},"end":{"line":22,"column":1}},"line":13},"2":{"name":"(anonymous_2)","decl":{"start":{"line":24,"column":13},"end":{"line":24,"column":14}},"loc":{"start":{"line":24,"column":24},"end":{"line":24,"column":30}},"line":24},"3":{"name":"(anonymous_3)","decl":{"start":{"line":25,"column":13},"end":{"line":25,"column":14}},"loc":{"start":{"line":25,"column":24},"end":{"line":25,"column":30}},"line":25}},"branchMap":{"0":{"loc":{"start":{"line":3,"column":31},"end":{"line":3,"column":36}},"type":"default-arg","locations":[{"start":{"line":3,"column":35},"end":{"line":3,"column":36}}],"line":3},"1":{"loc":{"start":{"line":5,"column":1},"end":{"line":8,"column":2}},"type":"if","locations":[{"start":{"line":5,"column":1},"end":{"line":8,"column":2}},{"start":{"line":5,"column":1},"end":{"line":8,"column":2}}],"line":5},"2":{"loc":{"start":{"line":13,"column":33},"end":{"line":13,"column":38}},"type":"default-arg","locations":[{"start":{"line":13,"column":37},"end":{"line":13,"column":38}}],"line":13},"3":{"loc":{"start":{"line":16,"column":1},"end":{"line":19,"column":2}},"type":"if","locations":[{"start":{"line":16,"column":1},"end":{"line":19,"column":2}},{"start":{"line":16,"column":1},"end":{"line":19,"column":2}}],"line":16}},"s":{"0":4,"1":16,"2":16,"3":14,"4":2,"5":4,"6":6,"7":6,"8":5,"9":1,"10":4,"11":41,"12":4,"13":6,"14":4},"f":{"0":16,"1":6,"2":41,"3":6},"b":{"0":[16],"1":[14,2],"2":[6],"3":[5,1]},"_coverageSchema":"332fd63041d2c1bcb487cc26dd0d5f7d97098a6c","hash":"b1f0a470c51eb9ea746891a74e5d2d7f31a0f835"}
}
