TN:
SF:/home/noct/metricas-desafio/src/helper/converter.js
FN:64,(anonymous_0)
FN:81,(anonymous_1)
FN:94,(anonymous_2)
FN:95,(anonymous_3)
FN:96,(anonymous_4)
FN:97,(anonymous_5)
FNF:6
FNH:6
FNDA:23,(anonymous_0)
FNDA:47,(anonymous_1)
FNDA:12,(anonymous_2)
FNDA:3,(anonymous_3)
FNDA:7,(anonymous_4)
FNDA:1,(anonymous_5)
DA:11,4
DA:64,4
DA:65,23
DA:66,23
DA:69,23
DA:70,4
DA:74,19
DA:76,19
DA:77,1
DA:81,18
DA:82,47
DA:83,22
DA:89,25
DA:91,18
DA:94,12
DA:95,4
DA:96,7
DA:97,4
LF:18
LH:18
BRDA:69,0,0,4
BRDA:69,0,1,19
BRDA:76,1,0,1
BRDA:76,1,1,18
BRDA:76,2,0,19
BRDA:76,2,1,13
BRDA:82,3,0,22
BRDA:82,3,1,25
BRDA:82,4,0,47
BRDA:82,4,1,28
BRF:10
BRH:10
end_of_record
TN:
SF:/home/noct/metricas-desafio/src/helper/utils.js
FN:3,(anonymous_0)
FN:13,(anonymous_1)
FN:24,(anonymous_2)
FN:25,(anonymous_3)
FNF:4
FNH:4
FNDA:16,(anonymous_0)
FNDA:6,(anonymous_1)
FNDA:41,(anonymous_2)
FNDA:6,(anonymous_3)
DA:3,4
DA:4,16
DA:5,16
DA:7,14
DA:10,2
DA:13,4
DA:14,6
DA:16,6
DA:18,5
DA:21,1
DA:24,41
DA:25,6
DA:26,4
LF:13
LH:13
BRDA:3,0,0,16
BRDA:5,1,0,14
BRDA:5,1,1,2
BRDA:13,2,0,6
BRDA:16,3,0,5
BRDA:16,3,1,1
BRF:6
BRH:6
end_of_record
